<?xml version="1.0" encoding="UTF-8"?>
<testng-results ignored="0" total="2" passed="2" failed="0" skipped="0">
  <reporter-output>
  </reporter-output>
  <suite started-at="2025-08-03T10:01:26 IST" name="Default suite" finished-at="2025-08-03T10:01:34 IST" duration-ms="7870">
    <groups>
    </groups>
    <test started-at="2025-08-03T10:01:26 IST" name="Default test" finished-at="2025-08-03T10:01:34 IST" duration-ms="7870">
      <class name="testcases.littleStation.Tc01HomePage">
        <test-method is-config="true" signature="setup()[pri:0, instance:testcases.littleStation.Tc01HomePage@6b2e0f78]" started-at="2025-08-03T10:01:26 IST" name="setup" finished-at="2025-08-03T10:01:30 IST" duration-ms="4000" status="PASS">
          <reporter-output>
          </reporter-output>
        </test-method> <!-- setup -->
        <test-method signature="launchApplciation()[pri:0, instance:testcases.littleStation.Tc01HomePage@6b2e0f78]" started-at="2025-08-03T10:01:30 IST" name="launchApplciation" finished-at="2025-08-03T10:01:30 IST" duration-ms="140" status="PASS">
          <reporter-output>
          </reporter-output>
        </test-method> <!-- launchApplciation -->
        <test-method is-config="true" signature="teardown()[pri:0, instance:testcases.littleStation.Tc01HomePage@6b2e0f78]" started-at="2025-08-03T10:01:30 IST" name="teardown" finished-at="2025-08-03T10:01:31 IST" duration-ms="406" status="PASS">
          <reporter-output>
          </reporter-output>
        </test-method> <!-- teardown -->
        <test-method is-config="true" signature="setup()[pri:0, instance:testcases.littleStation.Tc01HomePage@6b2e0f78]" started-at="2025-08-03T10:01:31 IST" name="setup" finished-at="2025-08-03T10:01:33 IST" duration-ms="2383" status="PASS">
          <reporter-output>
          </reporter-output>
        </test-method> <!-- setup -->
        <test-method signature="validateLink()[pri:0, instance:testcases.littleStation.Tc01HomePage@6b2e0f78]" started-at="2025-08-03T10:01:33 IST" name="validateLink" finished-at="2025-08-03T10:01:34 IST" duration-ms="370" status="PASS">
          <reporter-output>
          </reporter-output>
        </test-method> <!-- validateLink -->
        <test-method is-config="true" signature="teardown()[pri:0, instance:testcases.littleStation.Tc01HomePage@6b2e0f78]" started-at="2025-08-03T10:01:34 IST" name="teardown" finished-at="2025-08-03T10:01:34 IST" duration-ms="234" status="PASS">
          <reporter-output>
          </reporter-output>
        </test-method> <!-- teardown -->
      </class> <!-- testcases.littleStation.Tc01HomePage -->
    </test> <!-- Default test -->
  </suite> <!-- Default suite -->
</testng-results>
